app/build/outputs/logs/manifest-merger-debug-report.txt
-- Merging decision tree log ---
manifest
ADDED from src/main/AndroidManifest.xml:2:1-154:12
	package
		ADDED from src/main/AndroidManifest.xml:3:5-35
		INJECTED from src/main/AndroidManifest.xml
		INJECTED from src/main/AndroidManifest.xml
	android:versionName
		ADDED from src/main/AndroidManifest.xml:5:5-32
		INJECTED from src/main/AndroidManifest.xml
		INJECTED from src/main/AndroidManifest.xml
	android:versionCode
		ADDED from src/main/AndroidManifest.xml:4:5-28
		INJECTED from src/main/AndroidManifest.xml
		INJECTED from src/main/AndroidManifest.xml
	xmlns:android
		ADDED from src/main/AndroidManifest.xml:2:11-69
uses-sdk
ADDED from src/main/AndroidManifest.xml:7:5-9:41
MERGED from [com.google.android.gms:play-services-appindexing:8.4.0] AndroidManifest.xml:18:5-42
MERGED from [com.google.android.gms:play-services-base:8.4.0] AndroidManifest.xml:18:5-42
MERGED from [com.google.android.gms:play-services-basement:8.4.0] AndroidManifest.xml:18:5-42
MERGED from [com.android.support:support-v4:23.0.0] AndroidManifest.xml:20:5-43
	android:targetSdkVersion
		ADDED from src/main/AndroidManifest.xml:9:9-38
		INJECTED from src/main/AndroidManifest.xml
		INJECTED from src/main/AndroidManifest.xml
	android:minSdkVersion
		ADDED from src/main/AndroidManifest.xml:8:9-35
		INJECTED from src/main/AndroidManifest.xml
		INJECTED from src/main/AndroidManifest.xml
uses-permission#android.permission.INTERNET
ADDED from src/main/AndroidManifest.xml:12:5-67
	android:name
		ADDED from src/main/AndroidManifest.xml:12:22-64
uses-permission#android.permission.WRITE_EXTERNAL_STORAGE
ADDED from src/main/AndroidManifest.xml:14:5-81
	android:name
		ADDED from src/main/AndroidManifest.xml:14:22-78
uses-permission#android.permission.READ_PHONE_STATE
ADDED from src/main/AndroidManifest.xml:16:5-75
	android:name
		ADDED from src/main/AndroidManifest.xml:16:22-72
uses-permission#android.permission.RECEIVE_BOOT_COMPLETED
ADDED from src/main/AndroidManifest.xml:18:5-81
	android:name
		ADDED from src/main/AndroidManifest.xml:18:22-78
uses-permission#android.permission.READ_CONTACTS
ADDED from src/main/AndroidManifest.xml:20:5-72
	android:name
		ADDED from src/main/AndroidManifest.xml:20:22-69
uses-permission#android.permission.SEND_SMS
ADDED from src/main/AndroidManifest.xml:22:5-67
	android:name
		ADDED from src/main/AndroidManifest.xml:22:22-64
uses-permission#android.permission.RECEIVE_SMS
ADDED from src/main/AndroidManifest.xml:24:5-70
	android:name
		ADDED from src/main/AndroidManifest.xml:24:22-67
uses-permission#android.permission.ACCESS_COARSE_LOCATION
ADDED from src/main/AndroidManifest.xml:26:5-81
	android:name
		ADDED from src/main/AndroidManifest.xml:26:22-78
uses-permission#android.permission.ACCESS_FINE_LOCATION
ADDED from src/main/AndroidManifest.xml:28:5-79
	android:name
		ADDED from src/main/AndroidManifest.xml:28:22-76
uses-permission#android.permission.VIBRATE
ADDED from src/main/AndroidManifest.xml:30:5-66
	android:name
		ADDED from src/main/AndroidManifest.xml:30:22-63
uses-permission#android.permission.PROCESS_OUTGOING_CALLS
ADDED from src/main/AndroidManifest.xml:32:5-81
	android:name
		ADDED from src/main/AndroidManifest.xml:32:22-78
uses-permission#android.permission.MOUNT_UNMOUNT_FILESYSTEMS
ADDED from src/main/AndroidManifest.xml:34:5-84
	android:name
		ADDED from src/main/AndroidManifest.xml:34:22-81
uses-permission#android.permission.RECORD_AUDIO
ADDED from src/main/AndroidManifest.xml:36:5-71
	android:name
		ADDED from src/main/AndroidManifest.xml:36:22-68
uses-permission#android.permission.READ_SMS
ADDED from src/main/AndroidManifest.xml:40:5-66
	android:name
		ADDED from src/main/AndroidManifest.xml:40:22-64
application
ADDED from src/main/AndroidManifest.xml:43:5-152:19
MERGED from [com.google.android.gms:play-services-appindexing:8.4.0] AndroidManifest.xml:19:5-20
MERGED from [com.google.android.gms:play-services-basement:8.4.0] AndroidManifest.xml:20:5-24:19
MERGED from [com.android.support:support-v4:23.0.0] AndroidManifest.xml:22:5-20
	android:label
		ADDED from src/main/AndroidManifest.xml:46:9-41
	android:allowBackup
		ADDED from src/main/AndroidManifest.xml:44:9-35
	android:icon
		ADDED from src/main/AndroidManifest.xml:45:9-45
	android:theme
		ADDED from src/main/AndroidManifest.xml:47:9-40
activity#com.ajohn.mobilesafe.SplashActivity
ADDED from src/main/AndroidManifest.xml:49:9-57:20
	android:label
		ADDED from src/main/AndroidManifest.xml:51:13-45
	android:name
		ADDED from src/main/AndroidManifest.xml:50:13-43
intent-filter#android.intent.action.MAIN+android.intent.category.LAUNCHER
ADDED from src/main/AndroidManifest.xml:52:13-56:29
action#android.intent.action.MAIN
ADDED from src/main/AndroidManifest.xml:53:17-69
	android:name
		ADDED from src/main/AndroidManifest.xml:53:25-66
category#android.intent.category.LAUNCHER
ADDED from src/main/AndroidManifest.xml:55:17-77
	android:name
		ADDED from src/main/AndroidManifest.xml:55:27-74
activity#com.ajohn.mobilesafe.activities.HomeActivity
ADDED from src/main/AndroidManifest.xml:59:9-81
	android:name
		ADDED from src/main/AndroidManifest.xml:59:19-78
activity#com.ajohn.mobilesafe.activities.SettingActivity
ADDED from src/main/AndroidManifest.xml:62:9-84
	android:name
		ADDED from src/main/AndroidManifest.xml:62:19-81
activity#com.ajohn.mobilesafe.activities.SafeActivity
ADDED from src/main/AndroidManifest.xml:65:9-81
	android:name
		ADDED from src/main/AndroidManifest.xml:65:19-78
activity#com.ajohn.mobilesafe.activities.safeactivities.SetSafeStep1Activity
ADDED from src/main/AndroidManifest.xml:67:9-104
	android:name
		ADDED from src/main/AndroidManifest.xml:67:19-101
activity#com.ajohn.mobilesafe.activities.safeactivities.SetSafeStep2Activity
ADDED from src/main/AndroidManifest.xml:68:9-104
	android:name
		ADDED from src/main/AndroidManifest.xml:68:19-101
activity#com.ajohn.mobilesafe.activities.safeactivities.SetSafeStep3Activity
ADDED from src/main/AndroidManifest.xml:69:9-104
	android:name
		ADDED from src/main/AndroidManifest.xml:69:19-101
activity#com.ajohn.mobilesafe.activities.safeactivities.SetSafeStep4Activity
ADDED from src/main/AndroidManifest.xml:70:9-104
	android:name
		ADDED from src/main/AndroidManifest.xml:70:19-101
activity#com.ajohn.mobilesafe.activities.safeactivities.LockScreenActivity
ADDED from src/main/AndroidManifest.xml:72:9-102
	android:name
		ADDED from src/main/AndroidManifest.xml:72:19-99
activity#com.ajohn.mobilesafe.activities.safeactivities.SafeSelectContactActivity
ADDED from src/main/AndroidManifest.xml:75:9-109
	android:name
		ADDED from src/main/AndroidManifest.xml:75:19-106
activity#com.ajohn.mobilesafe.activities.conmunicationactivities.ManageBlackNumberActivity
ADDED from src/main/AndroidManifest.xml:80:9-82:15
	android:theme
		ADDED from src/main/AndroidManifest.xml:81:13-56
	android:name
		ADDED from src/main/AndroidManifest.xml:80:19-115
activity#com.ajohn.mobilesafe.activities.AdvanceToolsActivity
ADDED from src/main/AndroidManifest.xml:87:9-89
	android:name
		ADDED from src/main/AndroidManifest.xml:87:19-86
activity#com.ajohn.mobilesafe.activities.toolsactivities.QueryAddressToolsActivity
ADDED from src/main/AndroidManifest.xml:90:9-110
	android:name
		ADDED from src/main/AndroidManifest.xml:90:19-107
activity#com.ajohn.mobilesafe.activities.toolsactivities.ChangePositionToolsActivity
ADDED from src/main/AndroidManifest.xml:93:9-112
	android:name
		ADDED from src/main/AndroidManifest.xml:93:19-109
meta-data#com.google.android.gms.version
ADDED from src/main/AndroidManifest.xml:98:9-100:69
MERGED from [com.google.android.gms:play-services-basement:8.4.0] AndroidManifest.xml:21:9-23:69
	android:value
		ADDED from src/main/AndroidManifest.xml:100:13-66
	android:name
		ADDED from src/main/AndroidManifest.xml:99:13-58
receiver#com.ajohn.mobilesafe.service.BootCompeledService
ADDED from src/main/AndroidManifest.xml:102:9-106:20
	android:name
		ADDED from src/main/AndroidManifest.xml:102:19-62
intent-filter#android.intent.action.BOOT_COMPLETED
ADDED from src/main/AndroidManifest.xml:103:13-105:29
action#android.intent.action.BOOT_COMPLETED
ADDED from src/main/AndroidManifest.xml:104:17-79
	android:name
		ADDED from src/main/AndroidManifest.xml:104:25-76
receiver#com.ajohn.mobilesafe.receiver.SimStateChangeReceiver
ADDED from src/main/AndroidManifest.xml:108:9-112:20
	android:name
		ADDED from src/main/AndroidManifest.xml:108:19-86
intent-filter#android.intent.action.PHONE_STATE
ADDED from src/main/AndroidManifest.xml:109:13-111:29
action#android.intent.action.PHONE_STATE
ADDED from src/main/AndroidManifest.xml:110:17-76
	android:name
		ADDED from src/main/AndroidManifest.xml:110:25-73
receiver#com.ajohn.mobilesafe.receiver.SmsListenerReceiver
ADDED from src/main/AndroidManifest.xml:114:9-118:20
	android:name
		ADDED from src/main/AndroidManifest.xml:114:19-83
intent-filter#android.provider.Telephony.SMS_RECEIVED
ADDED from src/main/AndroidManifest.xml:115:13-117:29
action#android.provider.Telephony.SMS_RECEIVED
ADDED from src/main/AndroidManifest.xml:116:17-82
	android:name
		ADDED from src/main/AndroidManifest.xml:116:25-79
receiver#com.ajohn.mobilesafe.receiver.AdminReceiver
ADDED from src/main/AndroidManifest.xml:130:9-141:20
	android:label
		ADDED from src/main/AndroidManifest.xml:133:13-54
	android:permission
		ADDED from src/main/AndroidManifest.xml:134:13-70
	android:description
		ADDED from src/main/AndroidManifest.xml:132:13-72
	android:name
		ADDED from src/main/AndroidManifest.xml:131:13-71
meta-data#android.app.device_admin
ADDED from src/main/AndroidManifest.xml:135:13-137:56
	android:resource
		ADDED from src/main/AndroidManifest.xml:137:17-53
	android:name
		ADDED from src/main/AndroidManifest.xml:136:17-56
intent-filter#android.app.action.DEVICE_ADMIN_ENABLED
ADDED from src/main/AndroidManifest.xml:138:13-140:29
action#android.app.action.DEVICE_ADMIN_ENABLED
ADDED from src/main/AndroidManifest.xml:139:17-82
	android:name
		ADDED from src/main/AndroidManifest.xml:139:25-79
service#com.ajohn.mobilesafe.service.GpsLocationService
ADDED from src/main/AndroidManifest.xml:143:9-63
	android:name
		ADDED from src/main/AndroidManifest.xml:143:18-60
service#com.ajohn.mobilesafe.service.CallingStatusService
ADDED from src/main/AndroidManifest.xml:146:9-65
	android:name
		ADDED from src/main/AndroidManifest.xml:146:18-62